mwprint/build/outputs/logs/manifest-merger-debug-report.txt
-- Merging decision tree log ---
manifest
ADDED from src/main/AndroidManifest.xml:1:1-55:12
INJECTED from src/main/AndroidManifest.xml:1:1-55:12
INJECTED from src/main/AndroidManifest.xml:1:1-55:12
INJECTED from src/main/AndroidManifest.xml:1:1-55:12
INJECTED from src/main/AndroidManifest.xml:1:1-55:12
INJECTED from src/main/AndroidManifest.xml:1:1-55:12
INJECTED from src/main/AndroidManifest.xml:1:1-55:12
	package
		ADDED from src/main/AndroidManifest.xml:2:5-37
		INJECTED from src/main/AndroidManifest.xml
		INJECTED from src/main/AndroidManifest.xml
	android:versionName
		INJECTED from src/main/AndroidManifest.xml
		ADDED from src/main/AndroidManifest.xml:1:1-55:12
		INJECTED from src/main/AndroidManifest.xml
	android:versionCode
		INJECTED from src/main/AndroidManifest.xml
		ADDED from src/main/AndroidManifest.xml:1:1-55:12
		INJECTED from src/main/AndroidManifest.xml
	xmlns:android
		ADDED from src/main/AndroidManifest.xml:1:11-69
uses-permission#android.permission.BLUETOOTH
ADDED from src/main/AndroidManifest.xml:4:5-68
	android:name
		ADDED from src/main/AndroidManifest.xml:4:22-65
uses-permission#android.permission.BLUETOOTH_ADMIN
ADDED from src/main/AndroidManifest.xml:5:5-74
	android:name
		ADDED from src/main/AndroidManifest.xml:5:22-71
uses-feature#android.permission.BLUETOOTH
ADDED from src/main/AndroidManifest.xml:7:5-9:35
	android:required
		ADDED from src/main/AndroidManifest.xml:9:9-32
	android:name
		ADDED from src/main/AndroidManifest.xml:8:9-52
uses-feature#android.permission.BLUETOOTH_ADMIN
ADDED from src/main/AndroidManifest.xml:10:5-12:35
	android:required
		ADDED from src/main/AndroidManifest.xml:12:9-32
	android:name
		ADDED from src/main/AndroidManifest.xml:11:9-58
uses-feature#android.hardware.usb.host
ADDED from src/main/AndroidManifest.xml:13:5-15:35
	android:required
		ADDED from src/main/AndroidManifest.xml:15:9-32
	android:name
		ADDED from src/main/AndroidManifest.xml:14:9-49
uses-feature#android.hardware.usb.accessory
ADDED from src/main/AndroidManifest.xml:16:5-18:35
	android:required
		ADDED from src/main/AndroidManifest.xml:18:9-32
	android:name
		ADDED from src/main/AndroidManifest.xml:17:9-54
uses-permission#android.hardware.usb.host
ADDED from src/main/AndroidManifest.xml:20:5-65
	android:name
		ADDED from src/main/AndroidManifest.xml:20:22-62
uses-permission#android.hardware.usb.accessory
ADDED from src/main/AndroidManifest.xml:21:5-70
	android:name
		ADDED from src/main/AndroidManifest.xml:21:22-67
application
ADDED from src/main/AndroidManifest.xml:23:5-54:19
receiver#com.mwee.android.print.printer.usbPriter.UsbConnector
ADDED from src/main/AndroidManifest.xml:24:9-38:20
	android:name
		ADDED from src/main/AndroidManifest.xml:24:19-65
activity#com.mwee.android.print.PrintPermissionRequestActivity
ADDED from src/main/AndroidManifest.xml:39:9-53:20
	android:excludeFromRecents
		ADDED from src/main/AndroidManifest.xml:42:13-46
	android:noHistory
		ADDED from src/main/AndroidManifest.xml:41:13-37
	android:theme
		ADDED from src/main/AndroidManifest.xml:40:13-47
	android:name
		ADDED from src/main/AndroidManifest.xml:39:19-65
intent-filter#action:name:android.hardware.usb.action.USB_DEVICE_ATTACHED+action:name:android.hardware.usb.action.USB_DEVICE_DETACHED+action:name:com.mwee.android.printer.REQUEST_USB_PERMISSION
ADDED from src/main/AndroidManifest.xml:43:13-48:29
action#android.hardware.usb.action.USB_DEVICE_ATTACHED
ADDED from src/main/AndroidManifest.xml:44:17-90
	android:name
		ADDED from src/main/AndroidManifest.xml:44:25-87
action#android.hardware.usb.action.USB_DEVICE_DETACHED
ADDED from src/main/AndroidManifest.xml:45:17-90
	android:name
		ADDED from src/main/AndroidManifest.xml:45:25-87
action#com.mwee.android.printer.REQUEST_USB_PERMISSION
ADDED from src/main/AndroidManifest.xml:46:17-90
	android:name
		ADDED from src/main/AndroidManifest.xml:46:25-87
meta-data#android.hardware.usb.action.USB_DEVICE_ATTACHED
ADDED from src/main/AndroidManifest.xml:50:13-52:51
	android:resource
		ADDED from src/main/AndroidManifest.xml:52:17-48
	android:name
		ADDED from src/main/AndroidManifest.xml:51:17-79
uses-sdk
INJECTED from src/main/AndroidManifest.xml reason: use-sdk injection requested
INJECTED from src/main/AndroidManifest.xml
INJECTED from src/main/AndroidManifest.xml
INJECTED from src/main/AndroidManifest.xml
INJECTED from src/main/AndroidManifest.xml
	android:targetSdkVersion
		INJECTED from src/main/AndroidManifest.xml
		ADDED from src/main/AndroidManifest.xml
		INJECTED from src/main/AndroidManifest.xml
	android:minSdkVersion
		INJECTED from src/main/AndroidManifest.xml
		ADDED from src/main/AndroidManifest.xml
		INJECTED from src/main/AndroidManifest.xml